Using pre-set license
Built from '2022.3/staging' branch; Version is '2022.3.10f1 (ff3792e53c62) revision 16725906'; Using compiler version '192829333'; Build Type 'Release'
OS: 'Windows 11  (10.0.22621) 64bit Core' Language: 'es' Physical Memory: 16234 MB
BatchMode: 1, IsHumanControllingUs: 0, StartBugReporterOnCrash: 0, Is64bit: 1, IsPro: 1

COMMAND LINE ARGUMENTS:
C:\Program Files\Unity\Hub\Editor\2022.3.10f1\Editor\Unity.exe
-adb2
-batchMode
-noUpm
-name
AssetImportWorker1
-projectPath
D:/Unity Projects/Practica2_Portal/Practica2_Portal
-logFile
Logs/AssetImportWorker1.log
-srvPort
52400
Successfully changed project path to: D:/Unity Projects/Practica2_Portal/Practica2_Portal
D:/Unity Projects/Practica2_Portal/Practica2_Portal
[UnityMemory] Configuration Parameters - Can be set up in boot.config
    "memorysetup-bucket-allocator-granularity=16"
    "memorysetup-bucket-allocator-bucket-count=8"
    "memorysetup-bucket-allocator-block-size=33554432"
    "memorysetup-bucket-allocator-block-count=8"
    "memorysetup-main-allocator-block-size=16777216"
    "memorysetup-thread-allocator-block-size=16777216"
    "memorysetup-gfx-main-allocator-block-size=16777216"
    "memorysetup-gfx-thread-allocator-block-size=16777216"
    "memorysetup-cache-allocator-block-size=4194304"
    "memorysetup-typetree-allocator-block-size=2097152"
    "memorysetup-profiler-bucket-allocator-granularity=16"
    "memorysetup-profiler-bucket-allocator-bucket-count=8"
    "memorysetup-profiler-bucket-allocator-block-size=33554432"
    "memorysetup-profiler-bucket-allocator-block-count=8"
    "memorysetup-profiler-allocator-block-size=16777216"
    "memorysetup-profiler-editor-allocator-block-size=1048576"
    "memorysetup-temp-allocator-size-main=16777216"
    "memorysetup-job-temp-allocator-block-size=2097152"
    "memorysetup-job-temp-allocator-block-size-background=1048576"
    "memorysetup-job-temp-allocator-reduction-small-platforms=262144"
    "memorysetup-allocator-temp-initial-block-size-main=262144"
    "memorysetup-allocator-temp-initial-block-size-worker=262144"
    "memorysetup-temp-allocator-size-background-worker=32768"
    "memorysetup-temp-allocator-size-job-worker=262144"
    "memorysetup-temp-allocator-size-preload-manager=33554432"
    "memorysetup-temp-allocator-size-nav-mesh-worker=65536"
    "memorysetup-temp-allocator-size-audio-worker=65536"
    "memorysetup-temp-allocator-size-cloud-worker=32768"
    "memorysetup-temp-allocator-size-gi-baking-worker=262144"
    "memorysetup-temp-allocator-size-gfx=262144"
Player connection [6728] Host "[IP] 192.168.56.1 [Port] 0 [Flags] 2 [Guid] 2834806202 [EditorId] 2834806202 [Version] 1048832 [Id] WindowsEditor(7,DESKTOP-R63DO61) [Debug] 1 [PackageName] WindowsEditor [ProjectName] Editor" joined multi-casting on [225.0.0.222:54997]...

Player connection [6728] Host "[IP] 192.168.56.1 [Port] 0 [Flags] 2 [Guid] 2834806202 [EditorId] 2834806202 [Version] 1048832 [Id] WindowsEditor(7,DESKTOP-R63DO61) [Debug] 1 [PackageName] WindowsEditor [ProjectName] Editor" joined alternative multi-casting on [225.0.0.222:34997]...

[Physics::Module] Initialized MultithreadedJobDispatcher with 11 workers.
Refreshing native plugins compatible for Editor in 10.27 ms, found 3 plugins.
Preloading 0 native plugins for Editor in 0.00 ms.
Initialize engine version: 2022.3.10f1 (ff3792e53c62)
[Subsystems] Discovering subsystems at path C:/Program Files/Unity/Hub/Editor/2022.3.10f1/Editor/Data/Resources/UnitySubsystems
[Subsystems] Discovering subsystems at path D:/Unity Projects/Practica2_Portal/Practica2_Portal/Assets
GfxDevice: creating device client; threaded=0; jobified=0
Direct3D:
    Version:  Direct3D 11.0 [level 11.1]
    Renderer: NVIDIA GeForce GTX 1650 (ID=0x1f91)
    Vendor:   NVIDIA
    VRAM:     3950 MB
    Driver:   31.0.15.4601
Shader Unlit/NewUnlitShader uses undefined Queue: 'Geometry '
Shader Unlit/NewUnlitShader uses undefined Queue: 'Geometry '
Initialize mono
Mono path[0] = 'C:/Program Files/Unity/Hub/Editor/2022.3.10f1/Editor/Data/Managed'
Mono path[1] = 'C:/Program Files/Unity/Hub/Editor/2022.3.10f1/Editor/Data/MonoBleedingEdge/lib/mono/unityjit-win32'
Mono config path = 'C:/Program Files/Unity/Hub/Editor/2022.3.10f1/Editor/Data/MonoBleedingEdge/etc'
Using monoOptions --debugger-agent=transport=dt_socket,embedding=1,server=y,suspend=n,address=127.0.0.1:56792
Begin MonoManager ReloadAssembly
Registering precompiled unity dll's ...
Register platform support module: C:/Program Files/Unity/Hub/Editor/2022.3.10f1/Editor/Data/PlaybackEngines/WindowsStandaloneSupport/UnityEditor.WindowsStandalone.Extensions.dll
Registered in 0.007367 seconds.
- Loaded All Assemblies, in  0.558 seconds
Native extension for WindowsStandalone target not found
Mono: successfully reloaded assembly
- Finished resetting the current domain, in  0.342 seconds
Domain Reload Profiling: 899ms
	BeginReloadAssembly (178ms)
		ExecutionOrderSort (0ms)
		DisableScriptedObjects (0ms)
		BackupInstance (0ms)
		ReleaseScriptingObjects (0ms)
		CreateAndSetChildDomain (1ms)
	RebuildCommonClasses (54ms)
	RebuildNativeTypeToScriptingClass (20ms)
	initialDomainReloadingComplete (80ms)
	LoadAllAssembliesAndSetupDomain (223ms)
		LoadAssemblies (175ms)
		RebuildTransferFunctionScriptingTraits (0ms)
		AnalyzeDomain (221ms)
			TypeCache.Refresh (219ms)
				TypeCache.ScanAssembly (199ms)
			ScanForSourceGeneratedMonoScriptInfo (0ms)
			ResolveRequiredComponents (1ms)
	FinalizeReload (343ms)
		ReleaseScriptCaches (0ms)
		RebuildScriptCaches (0ms)
		SetupLoadedEditorAssemblies (263ms)
			LogAssemblyErrors (0ms)
			InitializePlatformSupportModulesInManaged (13ms)
			SetLoadedEditorAssemblies (9ms)
			RefreshPlugins (0ms)
			BeforeProcessingInitializeOnLoad (3ms)
			ProcessInitializeOnLoadAttributes (172ms)
			ProcessInitializeOnLoadMethodAttributes (66ms)
			AfterProcessingInitializeOnLoad (0ms)
			EditorAssembliesLoaded (0ms)
		ExecutionOrderSort2 (0ms)
		AwakeInstancesAfterBackupRestoration (0ms)
========================================================================
Worker process is ready to serve import requests
Begin MonoManager ReloadAssembly
- Loaded All Assemblies, in  0.823 seconds
Refreshing native plugins compatible for Editor in 1.71 ms, found 3 plugins.
Native extension for WindowsStandalone target not found
Package Manager log level set to [2]
[Package Manager] Server::EnsureServerProcessIsRunning -- launch failed, reason: Unity was launched with the -noUpm command-line argument
[Package Manager] UpmClient::Send -- Unable to send message (not connected to UPM process).
[Package Manager] Cannot connect to Unity Package Manager local server
Mono: successfully reloaded assembly
- Finished resetting the current domain, in  0.952 seconds
Domain Reload Profiling: 1774ms
	BeginReloadAssembly (198ms)
		ExecutionOrderSort (0ms)
		DisableScriptedObjects (6ms)
		BackupInstance (0ms)
		ReleaseScriptingObjects (0ms)
		CreateAndSetChildDomain (27ms)
	RebuildCommonClasses (59ms)
	RebuildNativeTypeToScriptingClass (16ms)
	initialDomainReloadingComplete (51ms)
	LoadAllAssembliesAndSetupDomain (498ms)
		LoadAssemblies (343ms)
		RebuildTransferFunctionScriptingTraits (0ms)
		AnalyzeDomain (275ms)
			TypeCache.Refresh (247ms)
				TypeCache.ScanAssembly (224ms)
			ScanForSourceGeneratedMonoScriptInfo (20ms)
			ResolveRequiredComponents (6ms)
	FinalizeReload (953ms)
		ReleaseScriptCaches (0ms)
		RebuildScriptCaches (0ms)
		SetupLoadedEditorAssemblies (765ms)
			LogAssemblyErrors (0ms)
			InitializePlatformSupportModulesInManaged (7ms)
			SetLoadedEditorAssemblies (5ms)
			RefreshPlugins (0ms)
			BeforeProcessingInitializeOnLoad (80ms)
			ProcessInitializeOnLoadAttributes (641ms)
			ProcessInitializeOnLoadMethodAttributes (25ms)
			AfterProcessingInitializeOnLoad (7ms)
			EditorAssembliesLoaded (0ms)
		ExecutionOrderSort2 (0ms)
		AwakeInstancesAfterBackupRestoration (15ms)
Shader Unlit/NewUnlitShader uses undefined Queue: 'Geometry '
Shader Unlit/NewUnlitShader uses undefined Queue: 'Geometry '
Launched and connected shader compiler UnityShaderCompiler.exe after 0.10 seconds
Refreshing native plugins compatible for Editor in 3.36 ms, found 3 plugins.
Preloading 0 native plugins for Editor in 0.00 ms.
Unloading 3278 Unused Serialized files (Serialized files now loaded: 0)
Unloading 43 unused Assets / (1.3 MB). Loaded Objects now: 3768.
Memory consumption went from 151.9 MB to 150.7 MB.
Total: 4.211600 ms (FindLiveObjects: 0.321900 ms CreateObjectMapping: 0.268400 ms MarkObjects: 3.263200 ms  DeleteObjects: 0.357000 ms)

AssetImportParameters requested are different than current active one (requested -> active):
  custom:container-demuxer-ogg: 62fdf1f143b41e24485cea50d1cbac27 -> 
  custom:video-decoder-ogg-theora: a1e56fd34408186e4bbccfd4996cb3dc -> 
  custom:framework-win-MediaFoundation: 216162199b28c13a410421893ffa2e32 -> 
  custom:CustomObjectIndexerAttribute: 756ad292c208cfabdd7b50bc23989ffe -> 
  custom:container-demuxer-webm: 4f35f7cbe854078d1ac9338744f61a02 -> 
  custom:container-muxer-webm: aa71ff27fc2769a1b78a27578f13a17b -> 
  custom:video-decoder-webm-vp8: 9c59270c3fd7afecdb556c50c9e8de78 -> 
  custom:SearchIndexIgnoredProperties: e643bd26f0fe6173181afceb89e7c659 -> 
  custom:AudioImporter_EditorPlatform: d09bf68614088b80899f8185d706f6e7 -> 
  custom:video-encoder-webm-vp8: eb34c28f22e8b96e1ab97ce403110664 -> 
  custom:audio-decoder-ogg-vorbis: bf7c407c2cedff20999df2af8eb42d56 -> 
  custom:audio-encoder-webm-vorbis: bf7c407c2cedff20999df2af8eb42d56 -> 
========================================================================
Received Import Request.
  Time since last request: 330950.544161 seconds.
  path: Assets/PortalAssets/Materials/________.mat
  artifactKey: Guid(1bf8c9800bd20ab489ade09607e5c354) Importer(815301076,1909f56bfc062723c751e8b465ee728b)
Start importing Assets/PortalAssets/Materials/________.mat using Guid(1bf8c9800bd20ab489ade09607e5c354) Importer(815301076,1909f56bfc062723c751e8b465ee728b)  -> (artifact id: '978d8fa0e0ddd6d952dc00b4440fa044') in 0.125210 seconds
Number of updated asset objects reloaded before import = 0
Number of asset objects unloaded after import = 1
========================================================================
Received Import Request.
  Time since last request: 0.000040 seconds.
  path: Assets/PortalAssets/Portal Refraction Cube.3ds
  artifactKey: Guid(63038850a1999484b8f06eff88530a73) Importer(815301076,1909f56bfc062723c751e8b465ee728b)
Start importing Assets/PortalAssets/Portal Refraction Cube.3ds using Guid(63038850a1999484b8f06eff88530a73) Importer(815301076,1909f56bfc062723c751e8b465ee728b)  -> (artifact id: 'bc450b45fb78f17232141f33ff2602a5') in 0.131811 seconds
Number of updated asset objects reloaded before import = 0
Number of asset objects unloaded after import = 50
========================================================================
Received Import Request.
  Time since last request: 0.000020 seconds.
  path: Assets/PortalAssets/Modelos/Materials/Component_3_005Mat.mat
  artifactKey: Guid(9b39f08d1015d3c49a3aa1bb059054a4) Importer(815301076,1909f56bfc062723c751e8b465ee728b)
Start importing Assets/PortalAssets/Modelos/Materials/Component_3_005Mat.mat using Guid(9b39f08d1015d3c49a3aa1bb059054a4) Importer(815301076,1909f56bfc062723c751e8b465ee728b)  -> (artifact id: '2284ddd23a400f6b15b6fad1314101ce') in 0.014310 seconds
Number of updated asset objects reloaded before import = 0
Number of asset objects unloaded after import = 1
========================================================================
Received Import Request.
  Time since last request: 0.000020 seconds.
  path: Assets/PortalAssets/Modelos/Boton Portal/portalbutton/Materials/01___Default.mat
  artifactKey: Guid(f90d18254d057af42abcde51e64d661f) Importer(815301076,1909f56bfc062723c751e8b465ee728b)
Start importing Assets/PortalAssets/Modelos/Boton Portal/portalbutton/Materials/01___Default.mat using Guid(f90d18254d057af42abcde51e64d661f) Importer(815301076,1909f56bfc062723c751e8b465ee728b)  -> (artifact id: '66c9b3f40834c3210b8c485397c45a65') in 0.015492 seconds
Number of updated asset objects reloaded before import = 0
Number of asset objects unloaded after import = 2
========================================================================
Received Import Request.
  Time since last request: 0.000016 seconds.
  path: Assets/PortalAssets/Materials/7adaca6b.mat
  artifactKey: Guid(73536a3512ef96947a1e3e01760c6360) Importer(815301076,1909f56bfc062723c751e8b465ee728b)
Start importing Assets/PortalAssets/Materials/7adaca6b.mat using Guid(73536a3512ef96947a1e3e01760c6360) Importer(815301076,1909f56bfc062723c751e8b465ee728b)  -> (artifact id: 'f3eade004b1595c9520f3ade6de8ba36') in 0.013013 seconds
Number of updated asset objects reloaded before import = 0
Number of asset objects unloaded after import = 1
========================================================================
Received Import Request.
  Time since last request: 0.000016 seconds.
  path: Assets/PortalAssets/Materials/________.1.mat
  artifactKey: Guid(47ea0d4600ff59a46ae508288811e471) Importer(815301076,1909f56bfc062723c751e8b465ee728b)
Start importing Assets/PortalAssets/Materials/________.1.mat using Guid(47ea0d4600ff59a46ae508288811e471) Importer(815301076,1909f56bfc062723c751e8b465ee728b)  -> (artifact id: '1681caea667ff7ae62e9ef60e7f39177') in 0.012503 seconds
Number of updated asset objects reloaded before import = 0
Number of asset objects unloaded after import = 1
========================================================================
Received Import Request.
  Time since last request: 0.000042 seconds.
  path: Assets/PortalAssets/Modelos/Boton Portal/portalbutton/Button.bmp
  artifactKey: Guid(a5584adeeaa66634ba4d0b708ab8c60c) Importer(815301076,1909f56bfc062723c751e8b465ee728b)
Start importing Assets/PortalAssets/Modelos/Boton Portal/portalbutton/Button.bmp using Guid(a5584adeeaa66634ba4d0b708ab8c60c) Importer(815301076,1909f56bfc062723c751e8b465ee728b)  -> (artifact id: 'a4d216b60204c8cd5a3fae15d2834e1c') in 0.022419 seconds
Number of updated asset objects reloaded before import = 0
Number of asset objects unloaded after import = 2
========================================================================
Received Import Request.
  Time since last request: 0.000019 seconds.
  path: Assets/PortalAssets/Materials/________.2.mat
  artifactKey: Guid(3c205bb0891977146aeb14e27af3284b) Importer(815301076,1909f56bfc062723c751e8b465ee728b)
Start importing Assets/PortalAssets/Materials/________.2.mat using Guid(3c205bb0891977146aeb14e27af3284b) Importer(815301076,1909f56bfc062723c751e8b465ee728b)  -> (artifact id: 'd824f93dedbdc89f358f7b2d8da6b392') in 0.016505 seconds
Number of updated asset objects reloaded before import = 0
Number of asset objects unloaded after import = 1
========================================================================
Received Import Request.
  Time since last request: 0.000046 seconds.
  path: Assets/PortalAssets/Modelos/Reflect Cube/Materials/________.2.mat
  artifactKey: Guid(ad6af9b198395074694404ed3d7e81ec) Importer(815301076,1909f56bfc062723c751e8b465ee728b)
Start importing Assets/PortalAssets/Modelos/Reflect Cube/Materials/________.2.mat using Guid(ad6af9b198395074694404ed3d7e81ec) Importer(815301076,1909f56bfc062723c751e8b465ee728b)  -> (artifact id: '9f7c82e382551650fce59df059aaf8bf') in 0.013256 seconds
Number of updated asset objects reloaded before import = 0
Number of asset objects unloaded after import = 1
========================================================================
Received Import Request.
  Time since last request: 0.000031 seconds.
  path: Assets/PortalAssets/Modelos/Materials/Component_3_006Mat.mat
  artifactKey: Guid(e9e3f7b867622be4dadb4d735b0d2026) Importer(815301076,1909f56bfc062723c751e8b465ee728b)
Start importing Assets/PortalAssets/Modelos/Materials/Component_3_006Mat.mat using Guid(e9e3f7b867622be4dadb4d735b0d2026) Importer(815301076,1909f56bfc062723c751e8b465ee728b)  -> (artifact id: '9852ef3875d9461cbf921975aa67431f') in 0.011125 seconds
Number of updated asset objects reloaded before import = 0
Number of asset objects unloaded after import = 1
========================================================================
Received Import Request.
  Time since last request: 0.000017 seconds.
  path: Assets/PortalAssets/Modelos/Materials/Component_3_002Mat.mat
  artifactKey: Guid(4ca515768f1383544a58ecd0a42cc905) Importer(815301076,1909f56bfc062723c751e8b465ee728b)
Start importing Assets/PortalAssets/Modelos/Materials/Component_3_002Mat.mat using Guid(4ca515768f1383544a58ecd0a42cc905) Importer(815301076,1909f56bfc062723c751e8b465ee728b)  -> (artifact id: '5a9a56f434311f4ba0133e62a5faaef7') in 0.010770 seconds
Number of updated asset objects reloaded before import = 0
Number of asset objects unloaded after import = 1
========================================================================
Received Import Request.
  Time since last request: 0.000021 seconds.
  path: Assets/PortalAssets/Modelos/Materials/Component_3_001Mat.mat
  artifactKey: Guid(85e57770ca5be5a4fa0589f90e987b87) Importer(815301076,1909f56bfc062723c751e8b465ee728b)
Start importing Assets/PortalAssets/Modelos/Materials/Component_3_001Mat.mat using Guid(85e57770ca5be5a4fa0589f90e987b87) Importer(815301076,1909f56bfc062723c751e8b465ee728b)  -> (artifact id: '4651a63fb84366b2febb0e9e1a7df50f') in 0.011246 seconds
Number of updated asset objects reloaded before import = 0
Number of asset objects unloaded after import = 1
========================================================================
Received Import Request.
  Time since last request: 0.000055 seconds.
  path: Assets/PortalAssets/Modelos/PortalGun/Materials/7adaca6b.mat
  artifactKey: Guid(75c1d105d60700249b1d1b24f9d63319) Importer(815301076,1909f56bfc062723c751e8b465ee728b)
Start importing Assets/PortalAssets/Modelos/PortalGun/Materials/7adaca6b.mat using Guid(75c1d105d60700249b1d1b24f9d63319) Importer(815301076,1909f56bfc062723c751e8b465ee728b)  -> (artifact id: 'fda5b8c77d7be9e5182e555c65a42e8e') in 0.011071 seconds
Number of updated asset objects reloaded before import = 0
Number of asset objects unloaded after import = 1
========================================================================
Received Import Request.
  Time since last request: 0.000047 seconds.
  path: Assets/PortalAssets/Modelos/Reflect Cube/Materials/________.mat
  artifactKey: Guid(e629986fbe8591a4ba2f1565507b85d1) Importer(815301076,1909f56bfc062723c751e8b465ee728b)
Start importing Assets/PortalAssets/Modelos/Reflect Cube/Materials/________.mat using Guid(e629986fbe8591a4ba2f1565507b85d1) Importer(815301076,1909f56bfc062723c751e8b465ee728b)  -> (artifact id: 'e857f6e5435222a54faae08c3b85e6ec') in 0.011957 seconds
Number of updated asset objects reloaded before import = 0
Number of asset objects unloaded after import = 1
========================================================================
Received Import Request.
  Time since last request: 0.000016 seconds.
  path: Assets/PortalAssets/Modelos/Companion.prefab
  artifactKey: Guid(9eddf26057390cb40a4f054ef935c559) Importer(815301076,1909f56bfc062723c751e8b465ee728b)
Start importing Assets/PortalAssets/Modelos/Companion.prefab using Guid(9eddf26057390cb40a4f054ef935c559) Importer(815301076,1909f56bfc062723c751e8b465ee728b)  -> (artifact id: 'bb789879820d99647b2daaf21c7ec86c') in 0.025946 seconds
Number of updated asset objects reloaded before import = 0
Number of asset objects unloaded after import = 176
========================================================================
Received Import Request.
  Time since last request: 0.000064 seconds.
  path: Assets/PortalAssets/Modelos/Materials/Component_3_007Mat.mat
  artifactKey: Guid(46fb3364cd1a257419f442ffed811560) Importer(815301076,1909f56bfc062723c751e8b465ee728b)
Start importing Assets/PortalAssets/Modelos/Materials/Component_3_007Mat.mat using Guid(46fb3364cd1a257419f442ffed811560) Importer(815301076,1909f56bfc062723c751e8b465ee728b)  -> (artifact id: '161265128b93a184a8e1fd2629bdd996') in 0.015502 seconds
Number of updated asset objects reloaded before import = 0
Number of asset objects unloaded after import = 1
========================================================================
Received Import Request.
  Time since last request: 0.000016 seconds.
  path: Assets/PortalAssets/Modelos/Materials/Component_3_004Mat.mat
  artifactKey: Guid(7a72754f93d890e4a897e2211549f683) Importer(815301076,1909f56bfc062723c751e8b465ee728b)
Start importing Assets/PortalAssets/Modelos/Materials/Component_3_004Mat.mat using Guid(7a72754f93d890e4a897e2211549f683) Importer(815301076,1909f56bfc062723c751e8b465ee728b)  -> (artifact id: '1c4cb77064c500f49f97fcf7c8c1b56b') in 0.011147 seconds
Number of updated asset objects reloaded before import = 0
Number of asset objects unloaded after import = 1
========================================================================
Received Import Request.
  Time since last request: 0.000061 seconds.
  path: Assets/PortalAssets/Modelos/Materials/Component_4_003Mat.mat
  artifactKey: Guid(acf18cc6407f13b4580fc44edf7e43e9) Importer(815301076,1909f56bfc062723c751e8b465ee728b)
Start importing Assets/PortalAssets/Modelos/Materials/Component_4_003Mat.mat using Guid(acf18cc6407f13b4580fc44edf7e43e9) Importer(815301076,1909f56bfc062723c751e8b465ee728b)  -> (artifact id: 'bef19ec29dcc7dcb146fe0a07d429d1f') in 0.011138 seconds
Number of updated asset objects reloaded before import = 0
Number of asset objects unloaded after import = 1
========================================================================
Received Prepare
Begin MonoManager ReloadAssembly
- Loaded All Assemblies, in  0.514 seconds
Refreshing native plugins compatible for Editor in 1.66 ms, found 3 plugins.
Native extension for WindowsStandalone target not found
[Package Manager] Server::EnsureServerProcessIsRunning -- launch failed, reason: Unity was launched with the -noUpm command-line argument
[Package Manager] UpmClient::Send -- Unable to send message (not connected to UPM process).
[Package Manager] Cannot connect to Unity Package Manager local server
Mono: successfully reloaded assembly
- Finished resetting the current domain, in  1.305 seconds
Domain Reload Profiling: 1819ms
	BeginReloadAssembly (213ms)
		ExecutionOrderSort (0ms)
		DisableScriptedObjects (5ms)
		BackupInstance (0ms)
		ReleaseScriptingObjects (0ms)
		CreateAndSetChildDomain (51ms)
	RebuildCommonClasses (46ms)
	RebuildNativeTypeToScriptingClass (14ms)
	initialDomainReloadingComplete (35ms)
	LoadAllAssembliesAndSetupDomain (205ms)
		LoadAssemblies (312ms)
		RebuildTransferFunctionScriptingTraits (0ms)
		AnalyzeDomain (15ms)
			TypeCache.Refresh (7ms)
				TypeCache.ScanAssembly (0ms)
			ScanForSourceGeneratedMonoScriptInfo (0ms)
			ResolveRequiredComponents (7ms)
	FinalizeReload (1306ms)
		ReleaseScriptCaches (0ms)
		RebuildScriptCaches (0ms)
		SetupLoadedEditorAssemblies (844ms)
			LogAssemblyErrors (0ms)
			InitializePlatformSupportModulesInManaged (7ms)
			SetLoadedEditorAssemblies (5ms)
			RefreshPlugins (0ms)
			BeforeProcessingInitializeOnLoad (74ms)
			ProcessInitializeOnLoadAttributes (716ms)
			ProcessInitializeOnLoadMethodAttributes (34ms)
			AfterProcessingInitializeOnLoad (8ms)
			EditorAssembliesLoaded (0ms)
		ExecutionOrderSort2 (0ms)
		AwakeInstancesAfterBackupRestoration (15ms)
Shader Unlit/NewUnlitShader uses undefined Queue: 'Geometry '
Shader Unlit/NewUnlitShader uses undefined Queue: 'Geometry '
Refreshing native plugins compatible for Editor in 3.03 ms, found 3 plugins.
Preloading 0 native plugins for Editor in 0.00 ms.
Unloading 3228 Unused Serialized files (Serialized files now loaded: 0)
Unloading 34 unused Assets / (1.3 MB). Loaded Objects now: 3816.
Memory consumption went from 145.8 MB to 144.5 MB.
Total: 5.476300 ms (FindLiveObjects: 0.403600 ms CreateObjectMapping: 0.540500 ms MarkObjects: 4.242000 ms  DeleteObjects: 0.289000 ms)

Prepare: number of updated asset objects reloaded= 0
AssetImportParameters requested are different than current active one (requested -> active):
  custom:container-demuxer-ogg: 62fdf1f143b41e24485cea50d1cbac27 -> 
  custom:video-decoder-ogg-theora: a1e56fd34408186e4bbccfd4996cb3dc -> 
  custom:framework-win-MediaFoundation: 216162199b28c13a410421893ffa2e32 -> 
  custom:CustomObjectIndexerAttribute: 756ad292c208cfabdd7b50bc23989ffe -> 
  custom:container-demuxer-webm: 4f35f7cbe854078d1ac9338744f61a02 -> 
  custom:container-muxer-webm: aa71ff27fc2769a1b78a27578f13a17b -> 
  custom:video-decoder-webm-vp8: 9c59270c3fd7afecdb556c50c9e8de78 -> 
  custom:SearchIndexIgnoredProperties: e643bd26f0fe6173181afceb89e7c659 -> 
  custom:AudioImporter_EditorPlatform: d09bf68614088b80899f8185d706f6e7 -> 
  custom:video-encoder-webm-vp8: eb34c28f22e8b96e1ab97ce403110664 -> 
  custom:audio-decoder-ogg-vorbis: bf7c407c2cedff20999df2af8eb42d56 -> 
  custom:audio-encoder-webm-vorbis: bf7c407c2cedff20999df2af8eb42d56 -> 
Editor requested this worker to shutdown with reason: Scaling down because of idle timeout
TcpMessagingSession - receive error: operation aborted. errorcode: 995, details: La operación de E/S se anuló por una salida de subproceso o por una solicitud de aplicación.
AssetImportWorker is now disconnected from the server
Process exiting
Exiting without the bug reporter. Application will terminate with return code 0