Using pre-set license
Built from '2022.3/staging' branch; Version is '2022.3.10f1 (ff3792e53c62) revision 16725906'; Using compiler version '192829333'; Build Type 'Release'
OS: 'Windows 10  (10.0.19045) 64bit Core' Language: 'es' Physical Memory: 16211 MB
BatchMode: 1, IsHumanControllingUs: 0, StartBugReporterOnCrash: 0, Is64bit: 1, IsPro: 1

COMMAND LINE ARGUMENTS:
C:\Program Files\Unity\Hub\Editor\2022.3.10f1\Editor\Unity.exe
-adb2
-batchMode
-noUpm
-name
AssetImportWorker1
-projectPath
C:/Users/Carlos/Documents/GitHub/Practica2_Portal/Practica2_Portal
-logFile
Logs/AssetImportWorker1.log
-srvPort
58699
Successfully changed project path to: C:/Users/Carlos/Documents/GitHub/Practica2_Portal/Practica2_Portal
C:/Users/Carlos/Documents/GitHub/Practica2_Portal/Practica2_Portal
[UnityMemory] Configuration Parameters - Can be set up in boot.config
    "memorysetup-bucket-allocator-granularity=16"
    "memorysetup-bucket-allocator-bucket-count=8"
    "memorysetup-bucket-allocator-block-size=33554432"
    "memorysetup-bucket-allocator-block-count=8"
    "memorysetup-main-allocator-block-size=16777216"
    "memorysetup-thread-allocator-block-size=16777216"
    "memorysetup-gfx-main-allocator-block-size=16777216"
    "memorysetup-gfx-thread-allocator-block-size=16777216"
    "memorysetup-cache-allocator-block-size=4194304"
    "memorysetup-typetree-allocator-block-size=2097152"
    "memorysetup-profiler-bucket-allocator-granularity=16"
    "memorysetup-profiler-bucket-allocator-bucket-count=8"
    "memorysetup-profiler-bucket-allocator-block-size=33554432"
    "memorysetup-profiler-bucket-allocator-block-count=8"
    "memorysetup-profiler-allocator-block-size=16777216"
    "memorysetup-profiler-editor-allocator-block-size=1048576"
    "memorysetup-temp-allocator-size-main=16777216"
    "memorysetup-job-temp-allocator-block-size=2097152"
    "memorysetup-job-temp-allocator-block-size-background=1048576"
    "memorysetup-job-temp-allocator-reduction-small-platforms=262144"
    "memorysetup-allocator-temp-initial-block-size-main=262144"
    "memorysetup-allocator-temp-initial-block-size-worker=262144"
    "memorysetup-temp-allocator-size-background-worker=32768"
    "memorysetup-temp-allocator-size-job-worker=262144"
    "memorysetup-temp-allocator-size-preload-manager=33554432"
    "memorysetup-temp-allocator-size-nav-mesh-worker=65536"
    "memorysetup-temp-allocator-size-audio-worker=65536"
    "memorysetup-temp-allocator-size-cloud-worker=32768"
    "memorysetup-temp-allocator-size-gi-baking-worker=262144"
    "memorysetup-temp-allocator-size-gfx=262144"
Player connection [28980] Host "[IP] 192.168.56.1 [Port] 0 [Flags] 2 [Guid] 539411126 [EditorId] 539411126 [Version] 1048832 [Id] WindowsEditor(7,LAPTOP-TGI3P0CU) [Debug] 1 [PackageName] WindowsEditor [ProjectName] Editor" joined multi-casting on [225.0.0.222:54997]...

Player connection [28980] Host "[IP] 192.168.56.1 [Port] 0 [Flags] 2 [Guid] 539411126 [EditorId] 539411126 [Version] 1048832 [Id] WindowsEditor(7,LAPTOP-TGI3P0CU) [Debug] 1 [PackageName] WindowsEditor [ProjectName] Editor" joined alternative multi-casting on [225.0.0.222:34997]...

[Physics::Module] Initialized MultithreadedJobDispatcher with 7 workers.
Refreshing native plugins compatible for Editor in 16.43 ms, found 3 plugins.
Preloading 0 native plugins for Editor in 0.00 ms.
Initialize engine version: 2022.3.10f1 (ff3792e53c62)
[Subsystems] Discovering subsystems at path C:/Program Files/Unity/Hub/Editor/2022.3.10f1/Editor/Data/Resources/UnitySubsystems
[Subsystems] Discovering subsystems at path C:/Users/Carlos/Documents/GitHub/Practica2_Portal/Practica2_Portal/Assets
GfxDevice: creating device client; threaded=0; jobified=0
Direct3D:
    Version:  Direct3D 11.0 [level 11.0]
    Renderer: NVIDIA GeForce GTX 960M (ID=0x139b)
    Vendor:   NVIDIA
    VRAM:     4064 MB
    Driver:   21.21.13.7654
Shader Tecnocampus/PortalShader uses undefined Queue: 'Geometry '
Shader Tecnocampus/PortalShader uses undefined Queue: 'Geometry '
Initialize mono
Mono path[0] = 'C:/Program Files/Unity/Hub/Editor/2022.3.10f1/Editor/Data/Managed'
Mono path[1] = 'C:/Program Files/Unity/Hub/Editor/2022.3.10f1/Editor/Data/MonoBleedingEdge/lib/mono/unityjit-win32'
Mono config path = 'C:/Program Files/Unity/Hub/Editor/2022.3.10f1/Editor/Data/MonoBleedingEdge/etc'
Using monoOptions --debugger-agent=transport=dt_socket,embedding=1,server=y,suspend=n,address=127.0.0.1:56152
Begin MonoManager ReloadAssembly
Registering precompiled unity dll's ...
Register platform support module: C:/Program Files/Unity/Hub/Editor/2022.3.10f1/Editor/Data/PlaybackEngines/WindowsStandaloneSupport/UnityEditor.WindowsStandalone.Extensions.dll
Registered in 0.017431 seconds.
- Loaded All Assemblies, in  0.705 seconds
Native extension for WindowsStandalone target not found
Mono: successfully reloaded assembly
- Finished resetting the current domain, in  0.386 seconds
Domain Reload Profiling: 1088ms
	BeginReloadAssembly (219ms)
		ExecutionOrderSort (0ms)
		DisableScriptedObjects (0ms)
		BackupInstance (0ms)
		ReleaseScriptingObjects (0ms)
		CreateAndSetChildDomain (1ms)
	RebuildCommonClasses (76ms)
	RebuildNativeTypeToScriptingClass (21ms)
	initialDomainReloadingComplete (119ms)
	LoadAllAssembliesAndSetupDomain (266ms)
		LoadAssemblies (215ms)
		RebuildTransferFunctionScriptingTraits (0ms)
		AnalyzeDomain (262ms)
			TypeCache.Refresh (260ms)
				TypeCache.ScanAssembly (235ms)
			ScanForSourceGeneratedMonoScriptInfo (1ms)
			ResolveRequiredComponents (1ms)
	FinalizeReload (387ms)
		ReleaseScriptCaches (0ms)
		RebuildScriptCaches (0ms)
		SetupLoadedEditorAssemblies (282ms)
			LogAssemblyErrors (0ms)
			InitializePlatformSupportModulesInManaged (19ms)
			SetLoadedEditorAssemblies (10ms)
			RefreshPlugins (0ms)
			BeforeProcessingInitializeOnLoad (3ms)
			ProcessInitializeOnLoadAttributes (185ms)
			ProcessInitializeOnLoadMethodAttributes (65ms)
			AfterProcessingInitializeOnLoad (0ms)
			EditorAssembliesLoaded (0ms)
		ExecutionOrderSort2 (0ms)
		AwakeInstancesAfterBackupRestoration (0ms)
========================================================================
Worker process is ready to serve import requests
Begin MonoManager ReloadAssembly
- Loaded All Assemblies, in  2.038 seconds
Refreshing native plugins compatible for Editor in 4.11 ms, found 3 plugins.
Native extension for WindowsStandalone target not found
Package Manager log level set to [2]
[Package Manager] Server::EnsureServerProcessIsRunning -- launch failed, reason: Unity was launched with the -noUpm command-line argument
[Package Manager] UpmClient::Send -- Unable to send message (not connected to UPM process).
[Package Manager] Cannot connect to Unity Package Manager local server
Mono: successfully reloaded assembly
- Finished resetting the current domain, in  0.760 seconds
Domain Reload Profiling: 2794ms
	BeginReloadAssembly (237ms)
		ExecutionOrderSort (0ms)
		DisableScriptedObjects (8ms)
		BackupInstance (0ms)
		ReleaseScriptingObjects (0ms)
		CreateAndSetChildDomain (34ms)
	RebuildCommonClasses (56ms)
	RebuildNativeTypeToScriptingClass (15ms)
	initialDomainReloadingComplete (57ms)
	LoadAllAssembliesAndSetupDomain (1669ms)
		LoadAssemblies (1534ms)
		RebuildTransferFunctionScriptingTraits (0ms)
		AnalyzeDomain (273ms)
			TypeCache.Refresh (242ms)
				TypeCache.ScanAssembly (220ms)
			ScanForSourceGeneratedMonoScriptInfo (23ms)
			ResolveRequiredComponents (6ms)
	FinalizeReload (761ms)
		ReleaseScriptCaches (0ms)
		RebuildScriptCaches (0ms)
		SetupLoadedEditorAssemblies (554ms)
			LogAssemblyErrors (0ms)
			InitializePlatformSupportModulesInManaged (9ms)
			SetLoadedEditorAssemblies (4ms)
			RefreshPlugins (0ms)
			BeforeProcessingInitializeOnLoad (85ms)
			ProcessInitializeOnLoadAttributes (416ms)
			ProcessInitializeOnLoadMethodAttributes (28ms)
			AfterProcessingInitializeOnLoad (12ms)
			EditorAssembliesLoaded (0ms)
		ExecutionOrderSort2 (0ms)
		AwakeInstancesAfterBackupRestoration (11ms)
Shader Tecnocampus/PortalShader uses undefined Queue: 'Geometry '
Shader Tecnocampus/PortalShader uses undefined Queue: 'Geometry '
Launched and connected shader compiler UnityShaderCompiler.exe after 0.07 seconds
Refreshing native plugins compatible for Editor in 4.45 ms, found 3 plugins.
Preloading 0 native plugins for Editor in 0.00 ms.
Unloading 3228 Unused Serialized files (Serialized files now loaded: 0)
Unloading 43 unused Assets / (1.3 MB). Loaded Objects now: 3711.
Memory consumption went from 145.6 MB to 144.3 MB.
Total: 4.604200 ms (FindLiveObjects: 0.432100 ms CreateObjectMapping: 0.365400 ms MarkObjects: 3.413200 ms  DeleteObjects: 0.392400 ms)

AssetImportParameters requested are different than current active one (requested -> active):
  custom:container-demuxer-ogg: 62fdf1f143b41e24485cea50d1cbac27 -> 
  custom:video-codec-MediaFoundation-h265: 746d11721c4dcdbdad8f713fa42b33f4 -> 
  custom:video-decoder-ogg-theora: a1e56fd34408186e4bbccfd4996cb3dc -> 
  custom:framework-win-MediaFoundation: 216162199b28c13a410421893ffa2e32 -> 
  custom:CustomObjectIndexerAttribute: 756ad292c208cfabdd7b50bc23989ffe -> 
  custom:container-demuxer-webm: 4f35f7cbe854078d1ac9338744f61a02 -> 
  custom:container-muxer-webm: aa71ff27fc2769a1b78a27578f13a17b -> 
  custom:video-decoder-webm-vp8: 9c59270c3fd7afecdb556c50c9e8de78 -> 
  custom:SearchIndexIgnoredProperties: e643bd26f0fe6173181afceb89e7c659 -> 
  custom:AudioImporter_EditorPlatform: d09bf68614088b80899f8185d706f6e7 -> 
  custom:video-encoder-webm-vp8: eb34c28f22e8b96e1ab97ce403110664 -> 
  custom:audio-decoder-ogg-vorbis: bf7c407c2cedff20999df2af8eb42d56 -> 
  custom:audio-encoder-webm-vorbis: bf7c407c2cedff20999df2af8eb42d56 -> 
========================================================================
Received Import Request.
  Time since last request: 854551.705498 seconds.
  path: Assets/Scenes
  artifactKey: Guid(10493677f5d37c942affbefd6696ec48) Importer(815301076,1909f56bfc062723c751e8b465ee728b)
Start importing Assets/Scenes using Guid(10493677f5d37c942affbefd6696ec48) Importer(815301076,1909f56bfc062723c751e8b465ee728b)  -> (artifact id: '97620cd9863cc26507daa64256290b82') in 0.002728 seconds
Number of updated asset objects reloaded before import = 0
Number of asset objects unloaded after import = 0
========================================================================
Received Import Request.
  Time since last request: 48.338875 seconds.
  path: Assets/PortalBlueClosed.png
  artifactKey: Guid(6d22774eee2992a449f1cb1357512f79) Importer(815301076,1909f56bfc062723c751e8b465ee728b)
Start importing Assets/PortalBlueClosed.png using Guid(6d22774eee2992a449f1cb1357512f79) Importer(815301076,1909f56bfc062723c751e8b465ee728b)  -> (artifact id: 'd5f17e94718c0350a885cf88f0a5636b') in 0.237970 seconds
Number of updated asset objects reloaded before import = 0
Number of asset objects unloaded after import = 3
========================================================================
Received Import Request.
  Time since last request: 0.000044 seconds.
  path: Assets/PortalBlueOpen - copia.png
  artifactKey: Guid(7b6d759405475d74eba0b617e26025ca) Importer(815301076,1909f56bfc062723c751e8b465ee728b)
Start importing Assets/PortalBlueOpen - copia.png using Guid(7b6d759405475d74eba0b617e26025ca) Importer(815301076,1909f56bfc062723c751e8b465ee728b)  -> (artifact id: '9e3f0d32f58d558463f32847e10b25e7') in 0.040230 seconds
Number of updated asset objects reloaded before import = 0
Number of asset objects unloaded after import = 3
========================================================================
Received Import Request.
  Time since last request: 0.000057 seconds.
  path: Assets/PortalMesh.fbx
  artifactKey: Guid(f2b3398bcf3470142812bf5d21abe0d4) Importer(815301076,1909f56bfc062723c751e8b465ee728b)
Start importing Assets/PortalMesh.fbx using Guid(f2b3398bcf3470142812bf5d21abe0d4) Importer(815301076,1909f56bfc062723c751e8b465ee728b)  -> (artifact id: 'ef2e10368c2a8769cb77e4afc897657d') in 0.142137 seconds
Number of updated asset objects reloaded before import = 0
Number of asset objects unloaded after import = 12
========================================================================
Received Import Request.
  Time since last request: 0.000039 seconds.
  path: Assets/PortalClosedTexture.png
  artifactKey: Guid(568c9bc8ee5d2f84e9e8b832b5e79f2d) Importer(815301076,1909f56bfc062723c751e8b465ee728b)
Start importing Assets/PortalClosedTexture.png using Guid(568c9bc8ee5d2f84e9e8b832b5e79f2d) Importer(815301076,1909f56bfc062723c751e8b465ee728b)  -> (artifact id: 'c27f40d5e4fb2269065f0fb9b16e7dd8') in 0.057283 seconds
Number of updated asset objects reloaded before import = 0
Number of asset objects unloaded after import = 3
========================================================================
Received Import Request.
  Time since last request: 0.000022 seconds.
  path: Assets/PortalOrangeOpen.png
  artifactKey: Guid(5f2e8f95cac319f429e9e1eaa7053438) Importer(815301076,1909f56bfc062723c751e8b465ee728b)
Start importing Assets/PortalOrangeOpen.png using Guid(5f2e8f95cac319f429e9e1eaa7053438) Importer(815301076,1909f56bfc062723c751e8b465ee728b)  -> (artifact id: '58f6ad4ebf875aea8077525052877f67') in 0.044552 seconds
Number of updated asset objects reloaded before import = 0
Number of asset objects unloaded after import = 3
========================================================================
Received Import Request.
  Time since last request: 56.710804 seconds.
  path: Assets/Terrain/Rabbits/Materials/Rabbit1.mat
  artifactKey: Guid(11f39b2ab10a2184d84e62f1906a4a05) Importer(815301076,1909f56bfc062723c751e8b465ee728b)
Start importing Assets/Terrain/Rabbits/Materials/Rabbit1.mat using Guid(11f39b2ab10a2184d84e62f1906a4a05) Importer(815301076,1909f56bfc062723c751e8b465ee728b)  -> (artifact id: '3126bc12f6c4a65c223856f5d794186e') in 0.046101 seconds
Number of updated asset objects reloaded before import = 0
Number of asset objects unloaded after import = 3
========================================================================
Received Import Request.
  Time since last request: 6.795136 seconds.
  path: Assets/Materials/M_PortalB.mat
  artifactKey: Guid(bcef49168cd7636418568b8b251ae9d9) Importer(815301076,1909f56bfc062723c751e8b465ee728b)
Start importing Assets/Materials/M_PortalB.mat using Guid(bcef49168cd7636418568b8b251ae9d9) Importer(815301076,1909f56bfc062723c751e8b465ee728b)  -> (artifact id: 'b3ba4372bbb2984857fbe84201902522') in 0.075532 seconds
Number of updated asset objects reloaded before import = 0
Number of asset objects unloaded after import = 3
========================================================================
Received Import Request.
  Time since last request: 0.000019 seconds.
  path: Assets/Materials/New Material.mat
  artifactKey: Guid(7fc6b9ad0082026438388e6a2b21512f) Importer(815301076,1909f56bfc062723c751e8b465ee728b)
Start importing Assets/Materials/New Material.mat using Guid(7fc6b9ad0082026438388e6a2b21512f) Importer(815301076,1909f56bfc062723c751e8b465ee728b)  -> (artifact id: '39be6350b413b6dc04908993ffd0bf9d') in 0.026341 seconds
Number of updated asset objects reloaded before import = 0
Number of asset objects unloaded after import = 1
========================================================================
Received Import Request.
  Time since last request: 0.000031 seconds.
  path: Assets/Materials/OrangePortalClosed.mat
  artifactKey: Guid(af13083f17e0bc042a0d1b484e28d93b) Importer(815301076,1909f56bfc062723c751e8b465ee728b)
Start importing Assets/Materials/OrangePortalClosed.mat using Guid(af13083f17e0bc042a0d1b484e28d93b) Importer(815301076,1909f56bfc062723c751e8b465ee728b)  -> (artifact id: '9fbad0d88b928e7196458f50620dc9de') in 0.338464 seconds
Number of updated asset objects reloaded before import = 0
Number of asset objects unloaded after import = 3
========================================================================
Received Import Request.
  Time since last request: 0.000052 seconds.
  path: Assets/Materials/PortalBlue_Clean.mat
  artifactKey: Guid(c16edaf60410a534eb1736e4336ee27b) Importer(815301076,1909f56bfc062723c751e8b465ee728b)
Start importing Assets/Materials/PortalBlue_Clean.mat using Guid(c16edaf60410a534eb1736e4336ee27b) Importer(815301076,1909f56bfc062723c751e8b465ee728b)  -> (artifact id: '536cf002f91d13a32d051426d11a445a') in 0.188996 seconds
Number of updated asset objects reloaded before import = 0
Number of asset objects unloaded after import = 2
========================================================================
Received Import Request.
  Time since last request: 43.462576 seconds.
  path: Assets/Models/PortalRing.fbx
  artifactKey: Guid(d1db67a24175b394d9a0bbe5ee7ec89f) Importer(815301076,1909f56bfc062723c751e8b465ee728b)
Start importing Assets/Models/PortalRing.fbx using Guid(d1db67a24175b394d9a0bbe5ee7ec89f) Importer(815301076,1909f56bfc062723c751e8b465ee728b)  -> (artifact id: '4a08dbac769e26ed290b649b48108af5') in 0.041403 seconds
Number of updated asset objects reloaded before import = 0
Number of asset objects unloaded after import = 8
========================================================================
Received Import Request.
  Time since last request: 10.511016 seconds.
  path: Assets/PortalAssets/portal-2-door/textures/Bottom_metallic.png
  artifactKey: Guid(7a2606e828296c14984bea92b5c334da) Importer(815301076,1909f56bfc062723c751e8b465ee728b)
Start importing Assets/PortalAssets/portal-2-door/textures/Bottom_metallic.png using Guid(7a2606e828296c14984bea92b5c334da) Importer(815301076,1909f56bfc062723c751e8b465ee728b)  -> (artifact id: '3809bde84c389167f9f74634dcfd8d13') in 0.063670 seconds
Number of updated asset objects reloaded before import = 0
Number of asset objects unloaded after import = 2
========================================================================
Received Import Request.
  Time since last request: 0.000022 seconds.
  path: Assets/PortalAssets/portal-2-door/textures/DoorGLOSS.png
  artifactKey: Guid(866987ce07517cf43a63687575879a45) Importer(815301076,1909f56bfc062723c751e8b465ee728b)
Start importing Assets/PortalAssets/portal-2-door/textures/DoorGLOSS.png using Guid(866987ce07517cf43a63687575879a45) Importer(815301076,1909f56bfc062723c751e8b465ee728b)  -> (artifact id: '6764bb7ff02ff7775aca50c11f247560') in 0.054949 seconds
Number of updated asset objects reloaded before import = 0
Number of asset objects unloaded after import = 2
========================================================================
Received Import Request.
  Time since last request: 0.000026 seconds.
  path: Assets/PortalAssets/portal-2-door/textures/Frame_specular.png
  artifactKey: Guid(4e0ccf5faa522c845b0fbabe098746b6) Importer(815301076,1909f56bfc062723c751e8b465ee728b)
Start importing Assets/PortalAssets/portal-2-door/textures/Frame_specular.png using Guid(4e0ccf5faa522c845b0fbabe098746b6) Importer(815301076,1909f56bfc062723c751e8b465ee728b)  -> (artifact id: '4a3bac2bd0789c1d603c6b876c806c7f') in 0.040961 seconds
Number of updated asset objects reloaded before import = 0
Number of asset objects unloaded after import = 2
========================================================================
Received Import Request.
  Time since last request: 0.000022 seconds.
  path: Assets/PortalAssets/portal-2-door/textures/Frame_normal.png
  artifactKey: Guid(ce6b4098f3b52e145a84b2fb7108101d) Importer(815301076,1909f56bfc062723c751e8b465ee728b)
Start importing Assets/PortalAssets/portal-2-door/textures/Frame_normal.png using Guid(ce6b4098f3b52e145a84b2fb7108101d) Importer(815301076,1909f56bfc062723c751e8b465ee728b)  -> (artifact id: '4ac3ddb37c4d0ec3f3a312dcc5ebb439') in 0.048231 seconds
Number of updated asset objects reloaded before import = 0
Number of asset objects unloaded after import = 2
========================================================================
Received Import Request.
  Time since last request: 0.000025 seconds.
  path: Assets/PortalAssets/portal-2-door/textures/Bottom_roughness.png
  artifactKey: Guid(c2234bbabf117114a8e9586b810f0401) Importer(815301076,1909f56bfc062723c751e8b465ee728b)
Start importing Assets/PortalAssets/portal-2-door/textures/Bottom_roughness.png using Guid(c2234bbabf117114a8e9586b810f0401) Importer(815301076,1909f56bfc062723c751e8b465ee728b)  -> (artifact id: '6a0fa0f13104bca4a828e82468a276af') in 0.037476 seconds
Number of updated asset objects reloaded before import = 0
Number of asset objects unloaded after import = 2
========================================================================
Received Import Request.
  Time since last request: 0.000022 seconds.
  path: Assets/PortalAssets/portal-2-door/textures/DoorNORMAL.png
  artifactKey: Guid(829efdf9edc30eb42bcc58bdacc5bd29) Importer(815301076,1909f56bfc062723c751e8b465ee728b)
Start importing Assets/PortalAssets/portal-2-door/textures/DoorNORMAL.png using Guid(829efdf9edc30eb42bcc58bdacc5bd29) Importer(815301076,1909f56bfc062723c751e8b465ee728b)  -> (artifact id: '49bc6d0a8fbd0a1cd1c644150fd1c54f') in 0.039257 seconds
Number of updated asset objects reloaded before import = 0
Number of asset objects unloaded after import = 2
========================================================================
Received Import Request.
  Time since last request: 2.831081 seconds.
  path: Assets/PortalAssets/Modelos/turre-low.obj
  artifactKey: Guid(e974cdd27b308e14fadbc5fef531fbbc) Importer(815301076,1909f56bfc062723c751e8b465ee728b)
Start importing Assets/PortalAssets/Modelos/turre-low.obj using Guid(e974cdd27b308e14fadbc5fef531fbbc) Importer(815301076,1909f56bfc062723c751e8b465ee728b)  -> (artifact id: 'b20680c878f564b9c30c619997192902') in 0.110639 seconds
Number of updated asset objects reloaded before import = 0
Number of asset objects unloaded after import = 40
========================================================================
Received Import Request.
  Time since last request: 2.211796 seconds.
  path: Assets/PortalAssets/Modelos/Maps/Maps/turret-body-diff.jpg
  artifactKey: Guid(8b59196b7594c8542be5bdc9fb3ebb7c) Importer(815301076,1909f56bfc062723c751e8b465ee728b)
Start importing Assets/PortalAssets/Modelos/Maps/Maps/turret-body-diff.jpg using Guid(8b59196b7594c8542be5bdc9fb3ebb7c) Importer(815301076,1909f56bfc062723c751e8b465ee728b)  -> (artifact id: 'c2c573b033c865856d052c94cbe617a3') in 0.045117 seconds
Number of updated asset objects reloaded before import = 0
Number of asset objects unloaded after import = 2
========================================================================
Received Import Request.
  Time since last request: 0.000042 seconds.
  path: Assets/PortalAssets/Modelos/Maps/Maps/turret-body_paint.jpg
  artifactKey: Guid(4695dbeb8fc1f894dbf61171ce358a4c) Importer(815301076,1909f56bfc062723c751e8b465ee728b)
Start importing Assets/PortalAssets/Modelos/Maps/Maps/turret-body_paint.jpg using Guid(4695dbeb8fc1f894dbf61171ce358a4c) Importer(815301076,1909f56bfc062723c751e8b465ee728b)  -> (artifact id: 'e295bce25caa219bbb3fbb595c3d5172') in 0.048395 seconds
Number of updated asset objects reloaded before import = 0
Number of asset objects unloaded after import = 2
========================================================================
Received Import Request.
  Time since last request: 11.092773 seconds.
  path: Assets/PortalAssets/textures/portal crossair.png
  artifactKey: Guid(f489249a30d2e0e4196b9d24b86ac0ba) Importer(815301076,1909f56bfc062723c751e8b465ee728b)
Start importing Assets/PortalAssets/textures/portal crossair.png using Guid(f489249a30d2e0e4196b9d24b86ac0ba) Importer(815301076,1909f56bfc062723c751e8b465ee728b)  -> (artifact id: '35c819944afbe4a7db5ec9d1d5103e15') in 0.050595 seconds
Number of updated asset objects reloaded before import = 0
Number of asset objects unloaded after import = 3
========================================================================
Received Import Request.
  Time since last request: 0.000021 seconds.
  path: Assets/PortalAssets/textures/portal crossair BO.png
  artifactKey: Guid(8a81d4c668a07384cbb4ec76e1a78117) Importer(815301076,1909f56bfc062723c751e8b465ee728b)
Start importing Assets/PortalAssets/textures/portal crossair BO.png using Guid(8a81d4c668a07384cbb4ec76e1a78117) Importer(815301076,1909f56bfc062723c751e8b465ee728b)  -> (artifact id: 'bc9196667b3bc3ad86468e8b4385a989') in 0.046831 seconds
Number of updated asset objects reloaded before import = 0
Number of asset objects unloaded after import = 3
========================================================================
Received Import Request.
  Time since last request: 0.000022 seconds.
  path: Assets/PortalAssets/textures/portal_orange.png
  artifactKey: Guid(f4cc8ca58dcde58459a377528d007300) Importer(815301076,1909f56bfc062723c751e8b465ee728b)
Start importing Assets/PortalAssets/textures/portal_orange.png using Guid(f4cc8ca58dcde58459a377528d007300) Importer(815301076,1909f56bfc062723c751e8b465ee728b)  -> (artifact id: '02b30bf2e6d93e65d929527fa7f11b5a') in 0.036255 seconds
Number of updated asset objects reloaded before import = 0
Number of asset objects unloaded after import = 2
========================================================================
Received Import Request.
  Time since last request: 22.065942 seconds.
  path: Assets/PortalAssets/Modelos/Materials/Component_3_002Mat.mat
  artifactKey: Guid(4ca515768f1383544a58ecd0a42cc905) Importer(815301076,1909f56bfc062723c751e8b465ee728b)
Start importing Assets/PortalAssets/Modelos/Materials/Component_3_002Mat.mat using Guid(4ca515768f1383544a58ecd0a42cc905) Importer(815301076,1909f56bfc062723c751e8b465ee728b)  -> (artifact id: 'a557eaa75360a67b76792eda6f286143') in 0.021770 seconds
Number of updated asset objects reloaded before import = 0
Number of asset objects unloaded after import = 1
Editor requested this worker to shutdown with reason: Scaling down because of idle timeout
TcpMessagingSession - receive error: operation aborted. errorcode: 995, details: La operación de E/S se anuló por una salida de subproceso o por una solicitud de aplicación.
AssetImportWorker is now disconnected from the server
Process exiting
Exiting without the bug reporter. Application will terminate with return code 0